[2022-10-31 02:02:37] [1] [WARN] Reporting disabled: using no op test run registrar
[2022-10-31 02:02:37] [1] [INFO] TEST [demo - createAlbumMissingField] STARTED at [11:02:37 2022-10-31]
[2022-10-31 02:02:37] [1] [INFO] test create Album with missing field
[2022-10-31 02:02:37] [1] [INFO] Base properties loaded: api/albums/album.properties
[2022-10-31 02:02:39] [1] [INFO] Request method:	POST
Request URI:	https://jsonplaceholder.typicode.com/albums
Request params:	<none>
Query params:	<none>
Form params:	<none>
Path params:	<none>
Multiparts:		<none>
Cookies:		<none>
Headers:		Accept=*/*
				Content-Type=application/json
Body:
{
    "userId": "7",
    "title": "twuunskk"
}
HTTP/1.1 201 Created
Date: Mon, 31 Oct 2022 14:03:58 GMT
Content-Type: application/json; charset=utf-8
Content-Length: 55
Connection: keep-alive
X-Powered-By: Express
X-Ratelimit-Limit: 1000
X-Ratelimit-Remaining: 999
X-Ratelimit-Reset: 1667225052
Vary: Origin, X-HTTP-Method-Override, Accept-Encoding
Access-Control-Allow-Credentials: true
Cache-Control: no-cache
Pragma: no-cache
Expires: -1
Access-Control-Expose-Headers: Location
Location: http://jsonplaceholder.typicode.com/albums/101
X-Content-Type-Options: nosniff
Etag: W/"37-/c1m01Go8yMZM7TqSx+gepqy27g"
Via: 1.1 vegur
CF-Cache-Status: DYNAMIC
Server-Timing: cf-q-config;dur=6.9999950937927e-06
Report-To: {"endpoints":[{"url":"https:\/\/a.nel.cloudflare.com\/report\/v3?s=uO3a8NZNO2K%2BQCc%2FiDMlfNcqOUtZRqNvdxl%2FhrEkxGyHWyuzlnffYIZQpzSwhHqQ1DG8tgo1z%2BmuATO5tqQ2oUyyfzDc7gL3DuoiUDKmI%2F52aGbPQj1YNbM9CIasHi6zWxzgAqlkLJSLhMSRpSqY"}],"group":"cf-nel","max_age":604800}
NEL: {"success_fraction":0,"report_to":"cf-nel","max_age":604800}
Server: cloudflare
CF-RAY: 762cefe59981a789-EZE
alt-svc: h3=":443"; ma=86400, h3-29=":443"; ma=86400

{
    "userId": "7",
    "title": "twuunskk",
    "id": 101
}

[2022-10-31 02:02:39] [1] [ERROR] TEST [demo - createAlbumMissingField] FAILED at [11:02:39 2022-10-31] - 
Unexpected: userId


org.skyscreamer.jsonassert.JSONAssert.assertEquals(JSONAssert.java:482)
org.skyscreamer.jsonassert.JSONAssert.assertEquals(JSONAssert.java:464)
com.qaprosoft.carina.core.foundation.api.AbstractApiMethodV2.validateResponse(AbstractApiMethodV2.java:282)
com.qaprosoft.carina.core.foundation.api.AbstractApiMethodV2.validateResponse(AbstractApiMethodV2.java:238)
com.qaprosoft.carina.core.foundation.api.AbstractApiMethodV2.validateResponse(AbstractApiMethodV2.java:310)
com.solvd.qa.carina.demo.APIAlbumTest.createAlbumMissingField(APIAlbumTest.java:32)
java.base/jdk.internal.reflect.DirectMethodHandleAccessor.invoke(DirectMethodHandleAccessor.java:104)
java.base/java.lang.reflect.Method.invoke(Method.java:577)
org.testng.internal.invokers.MethodInvocationHelper.invokeMethod(MethodInvocationHelper.java:135)
org.testng.internal.invokers.TestInvoker.invokeMethod(TestInvoker.java:673)
org.testng.internal.invokers.TestInvoker.invokeTestMethod(TestInvoker.java:220)
org.testng.internal.invokers.MethodRunner.runInSequence(MethodRunner.java:50)
org.testng.internal.invokers.TestInvoker$MethodInvocationAgent.invoke(TestInvoker.java:945)
org.testng.internal.invokers.TestInvoker.invokeTestMethods(TestInvoker.java:193)
org.testng.internal.invokers.TestMethodWorker.invokeTestMethods(TestMethodWorker.java:146)
org.testng.internal.invokers.TestMethodWorker.run(TestMethodWorker.java:128)
java.base/java.util.ArrayList.forEach(ArrayList.java:1511)
org.testng.TestRunner.privateRun(TestRunner.java:808)
org.testng.TestRunner.run(TestRunner.java:603)
org.testng.SuiteRunner.runTest(SuiteRunner.java:429)
org.testng.SuiteRunner.runSequentially(SuiteRunner.java:423)
org.testng.SuiteRunner.privateRun(SuiteRunner.java:383)
org.testng.SuiteRunner.run(SuiteRunner.java:326)
org.testng.SuiteRunnerWorker.runSuite(SuiteRunnerWorker.java:52)
org.testng.SuiteRunnerWorker.run(SuiteRunnerWorker.java:95)
org.testng.TestNG.runSuitesSequentially(TestNG.java:1249)
org.testng.TestNG.runSuitesLocally(TestNG.java:1169)
org.testng.TestNG.runSuites(TestNG.java:1092)
org.testng.TestNG.run(TestNG.java:1060)
com.intellij.rt.testng.IDEARemoteTestNG.run(IDEARemoteTestNG.java:66)
com.intellij.rt.testng.RemoteTestNGStarter.main(RemoteTestNGStarter.java:109)
